2021-08-05 02:58:39.818  INFO 12220 --- [http-nio-8080-exec-1] o.a.c.c.C.[Tomcat].[localhost].[/]       : Initializing Spring DispatcherServlet 'dispatcherServlet'
2021-08-05 02:58:39.818  INFO 12220 --- [http-nio-8080-exec-1] o.s.web.servlet.DispatcherServlet        : Initializing Servlet 'dispatcherServlet'
2021-08-05 02:58:39.820  INFO 12220 --- [http-nio-8080-exec-1] o.s.web.servlet.DispatcherServlet        : Completed initialization in 1 ms
2021-08-05 02:58:39.848  INFO 12220 --- [http-nio-8080-exec-1] com.bootjpa.controller.UserController    : Page loaded successfully
2021-08-05 02:58:47.589  INFO 12220 --- [http-nio-8080-exec-4] com.bootjpa.controller.UserController    : Page loaded successfully
2021-08-05 02:58:50.887  INFO 12220 --- [http-nio-8080-exec-5] com.bootjpa.controller.UserController    : Page loaded successfully
2021-08-05 02:59:16.633  INFO 12220 --- [http-nio-8080-exec-8] com.bootjpa.controller.UserController    : Saving the user details...
2021-08-05 02:59:16.705 DEBUG 12220 --- [http-nio-8080-exec-8] com.bootjpa.controller.UserController    : User [userid=101, name=Priya] was added in the table User
2021-08-05 02:59:16.706  INFO 12220 --- [http-nio-8080-exec-8] com.bootjpa.controller.UserController    : User details were added successfully...
2021-08-05 02:59:38.978  INFO 12220 --- [http-nio-8080-exec-1] com.bootjpa.controller.UserController    : Fetching User details...
2021-08-05 02:59:38.986 DEBUG 12220 --- [http-nio-8080-exec-1] com.bootjpa.controller.UserController    : showUser function returned Optional.empty  as JSON Object
2021-08-05 02:59:38.986  INFO 12220 --- [http-nio-8080-exec-1] com.bootjpa.controller.UserController    : User data was fetched successfully
2021-08-05 02:59:55.593  INFO 12220 --- [http-nio-8080-exec-4] com.bootjpa.controller.UserController    : Fetching User details...
2021-08-05 02:59:55.603 DEBUG 12220 --- [http-nio-8080-exec-4] com.bootjpa.controller.UserController    : showUser function returned Optional[User [userid=104, name=Amit]]  as JSON Object
2021-08-05 02:59:55.603  INFO 12220 --- [http-nio-8080-exec-4] com.bootjpa.controller.UserController    : User data was fetched successfully
2021-08-05 03:00:16.957  INFO 12220 --- [http-nio-8080-exec-7] com.bootjpa.controller.UserController    : Deleting user from the Table user...
2021-08-05 03:00:16.972  INFO 12220 --- [http-nio-8080-exec-7] com.bootjpa.controller.UserController    : User with userid 101 was deleted from Table User successfully
2021-08-05 03:00:31.001  INFO 12220 --- [http-nio-8080-exec-10] com.bootjpa.controller.UserController    : Deleting user from the Table user...
2021-08-05 03:00:31.012 ERROR 12220 --- [http-nio-8080-exec-10] com.bootjpa.controller.UserController    : Error occurred :  org.springframework.dao.EmptyResultDataAccessException: No class com.bootjpa.model.User entity with id 10 exists!
2021-08-05 03:01:22.290  INFO 12220 --- [RMI TCP Connection(5)-127.0.0.1] inMXBeanRegistrar$SpringApplicationAdmin : Application shutdown requested.
2021-08-05 03:01:22.320  INFO 12220 --- [RMI TCP Connection(5)-127.0.0.1] j.LocalContainerEntityManagerFactoryBean : Closing JPA EntityManagerFactory for persistence unit 'default'
2021-08-05 03:01:22.320  INFO 12220 --- [RMI TCP Connection(5)-127.0.0.1] .SchemaDropperImpl$DelayedDropActionImpl : HHH000477: Starting delayed evictData of schema as part of SessionFactory shut-down'
2021-08-05 03:01:22.325  INFO 12220 --- [RMI TCP Connection(5)-127.0.0.1] com.zaxxer.hikari.HikariDataSource       : HikariPool-1 - Shutdown initiated...
2021-08-05 03:01:22.327  INFO 12220 --- [RMI TCP Connection(5)-127.0.0.1] com.zaxxer.hikari.HikariDataSource       : HikariPool-1 - Shutdown completed.
2021-08-05 03:01:27.377  INFO 7092 --- [main] com.bootjpa.BootjpaApplication           : Starting BootjpaApplication using Java 15.0.1 on DESKTOP-6BQ3DCL with PID 7092 (G:\Spring workspace 4.9\repo_bootjpa\bootjpa\target\classes started by HOME in G:\Spring workspace 4.9\repo_bootjpa\bootjpa)
2021-08-05 03:01:27.380 DEBUG 7092 --- [main] com.bootjpa.BootjpaApplication           : Running with Spring Boot v2.5.3, Spring v5.3.9
2021-08-05 03:01:27.380  INFO 7092 --- [main] com.bootjpa.BootjpaApplication           : No active profile set, falling back to default profiles: default
2021-08-05 03:01:28.080  INFO 17936 --- [main] com.bootjpa.BootjpaApplication           : Starting BootjpaApplication using Java 15.0.1 on DESKTOP-6BQ3DCL with PID 17936 (G:\Spring workspace 4.9\repo_bootjpa\bootjpa\target\classes started by HOME in G:\Spring workspace 4.9\repo_bootjpa\bootjpa)
2021-08-05 03:01:28.083 DEBUG 17936 --- [main] com.bootjpa.BootjpaApplication           : Running with Spring Boot v2.5.3, Spring v5.3.9
2021-08-05 03:01:28.083  INFO 17936 --- [main] com.bootjpa.BootjpaApplication           : No active profile set, falling back to default profiles: default
2021-08-05 03:01:28.326  INFO 7092 --- [main] .s.d.r.c.RepositoryConfigurationDelegate : Bootstrapping Spring Data JPA repositories in DEFAULT mode.
2021-08-05 03:01:28.399  INFO 7092 --- [main] .s.d.r.c.RepositoryConfigurationDelegate : Finished Spring Data repository scanning in 50 ms. Found 1 JPA repository interfaces.
2021-08-05 03:01:28.896  INFO 17936 --- [main] .s.d.r.c.RepositoryConfigurationDelegate : Bootstrapping Spring Data JPA repositories in DEFAULT mode.
2021-08-05 03:01:28.950  INFO 17936 --- [main] .s.d.r.c.RepositoryConfigurationDelegate : Finished Spring Data repository scanning in 43 ms. Found 1 JPA repository interfaces.
2021-08-05 03:01:29.047  INFO 7092 --- [main] o.s.b.w.embedded.tomcat.TomcatWebServer  : Tomcat initialized with port(s): 8080 (http)
2021-08-05 03:01:29.066  INFO 7092 --- [main] o.apache.catalina.core.StandardService   : Starting service [Tomcat]
2021-08-05 03:01:29.067  INFO 7092 --- [main] org.apache.catalina.core.StandardEngine  : Starting Servlet engine: [Apache Tomcat/9.0.50]
2021-08-05 03:01:29.379  INFO 7092 --- [main] org.apache.jasper.servlet.TldScanner     : At least one JAR was scanned for TLDs yet contained no TLDs. Enable debug logging for this logger for a complete list of JARs that were scanned but no TLDs were found in them. Skipping unneeded JARs during scanning can improve startup time and JSP compilation time.
2021-08-05 03:01:29.390  INFO 7092 --- [main] o.a.c.c.C.[Tomcat].[localhost].[/]       : Initializing Spring embedded WebApplicationContext
2021-08-05 03:01:29.390  INFO 7092 --- [main] w.s.c.ServletWebServerApplicationContext : Root WebApplicationContext: initialization completed in 1943 ms
2021-08-05 03:01:29.426  INFO 7092 --- [main] com.zaxxer.hikari.HikariDataSource       : HikariPool-1 - Starting...
2021-08-05 03:01:29.588  INFO 17936 --- [main] o.s.b.w.embedded.tomcat.TomcatWebServer  : Tomcat initialized with port(s): 8080 (http)
2021-08-05 03:01:29.600  INFO 17936 --- [main] o.apache.catalina.core.StandardService   : Starting service [Tomcat]
2021-08-05 03:01:29.601  INFO 17936 --- [main] org.apache.catalina.core.StandardEngine  : Starting Servlet engine: [Apache Tomcat/9.0.50]
2021-08-05 03:01:29.622  INFO 7092 --- [main] com.zaxxer.hikari.HikariDataSource       : HikariPool-1 - Start completed.
2021-08-05 03:01:29.628  INFO 7092 --- [main] o.s.b.a.h2.H2ConsoleAutoConfiguration    : H2 console available at '/h2-console'. Database available at 'jdbc:h2:mem:userinfo'
2021-08-05 03:01:29.860  INFO 7092 --- [main] o.hibernate.jpa.internal.util.LogHelper  : HHH000204: Processing PersistenceUnitInfo [name: default]
2021-08-05 03:01:29.952  INFO 17936 --- [main] org.apache.jasper.servlet.TldScanner     : At least one JAR was scanned for TLDs yet contained no TLDs. Enable debug logging for this logger for a complete list of JARs that were scanned but no TLDs were found in them. Skipping unneeded JARs during scanning can improve startup time and JSP compilation time.
2021-08-05 03:01:29.967  INFO 17936 --- [main] o.a.c.c.C.[Tomcat].[localhost].[/]       : Initializing Spring embedded WebApplicationContext
2021-08-05 03:01:29.967  INFO 17936 --- [main] w.s.c.ServletWebServerApplicationContext : Root WebApplicationContext: initialization completed in 1818 ms
2021-08-05 03:01:29.990  INFO 7092 --- [main] org.hibernate.Version                    : HHH000412: Hibernate ORM core version 5.4.32.Final
2021-08-05 03:01:30.015  INFO 17936 --- [main] com.zaxxer.hikari.HikariDataSource       : HikariPool-1 - Starting...
2021-08-05 03:01:30.181  INFO 7092 --- [main] o.hibernate.annotations.common.Version   : HCANN000001: Hibernate Commons Annotations {5.1.2.Final}
2021-08-05 03:01:30.246  INFO 17936 --- [main] com.zaxxer.hikari.HikariDataSource       : HikariPool-1 - Start completed.
2021-08-05 03:01:30.255  INFO 17936 --- [main] o.s.b.a.h2.H2ConsoleAutoConfiguration    : H2 console available at '/h2-console'. Database available at 'jdbc:h2:mem:userinfo'
2021-08-05 03:01:30.365  INFO 7092 --- [main] org.hibernate.dialect.Dialect            : HHH000400: Using dialect: org.hibernate.dialect.H2Dialect
2021-08-05 03:01:30.443  INFO 17936 --- [main] o.hibernate.jpa.internal.util.LogHelper  : HHH000204: Processing PersistenceUnitInfo [name: default]
2021-08-05 03:01:30.500  INFO 17936 --- [main] org.hibernate.Version                    : HHH000412: Hibernate ORM core version 5.4.32.Final
2021-08-05 03:01:30.673  INFO 17936 --- [main] o.hibernate.annotations.common.Version   : HCANN000001: Hibernate Commons Annotations {5.1.2.Final}
2021-08-05 03:01:30.827  INFO 17936 --- [main] org.hibernate.dialect.Dialect            : HHH000400: Using dialect: org.hibernate.dialect.H2Dialect
2021-08-05 03:01:31.062  INFO 7092 --- [main] o.h.t.schema.internal.SchemaCreatorImpl  : HHH000476: Executing import script 'file:/G:/Spring%20workspace%204.9/repo_bootjpa/bootjpa/target/classes/import.sql'
2021-08-05 03:01:31.065  INFO 7092 --- [main] o.h.e.t.j.p.i.JtaPlatformInitiator       : HHH000490: Using JtaPlatform implementation: [org.hibernate.engine.transaction.jta.platform.internal.NoJtaPlatform]
2021-08-05 03:01:31.072  INFO 7092 --- [main] j.LocalContainerEntityManagerFactoryBean : Initialized JPA EntityManagerFactory for persistence unit 'default'
2021-08-05 03:01:31.361  WARN 7092 --- [main] JpaBaseConfiguration$JpaWebConfiguration : spring.jpa.open-in-view is enabled by default. Therefore, database queries may be performed during view rendering. Explicitly configure spring.jpa.open-in-view to disable this warning
2021-08-05 03:01:31.464  INFO 17936 --- [main] o.h.t.schema.internal.SchemaCreatorImpl  : HHH000476: Executing import script 'file:/G:/Spring%20workspace%204.9/repo_bootjpa/bootjpa/target/classes/import.sql'
2021-08-05 03:01:31.468  INFO 17936 --- [main] o.h.e.t.j.p.i.JtaPlatformInitiator       : HHH000490: Using JtaPlatform implementation: [org.hibernate.engine.transaction.jta.platform.internal.NoJtaPlatform]
2021-08-05 03:01:31.482  INFO 17936 --- [main] j.LocalContainerEntityManagerFactoryBean : Initialized JPA EntityManagerFactory for persistence unit 'default'
2021-08-05 03:01:31.770  INFO 7092 --- [main] o.s.b.w.embedded.tomcat.TomcatWebServer  : Tomcat started on port(s): 8080 (http) with context path ''
2021-08-05 03:01:31.777  WARN 17936 --- [main] JpaBaseConfiguration$JpaWebConfiguration : spring.jpa.open-in-view is enabled by default. Therefore, database queries may be performed during view rendering. Explicitly configure spring.jpa.open-in-view to disable this warning
2021-08-05 03:01:31.782  INFO 7092 --- [main] com.bootjpa.BootjpaApplication           : Started BootjpaApplication in 4.876 seconds (JVM running for 6.122)
2021-08-05 03:01:32.122  WARN 17936 --- [main] ConfigServletWebServerApplicationContext : Exception encountered during context initialization - cancelling refresh attempt: org.springframework.context.ApplicationContextException: Failed to start bean 'webServerStartStop'; nested exception is org.springframework.boot.web.server.PortInUseException: Port 8080 is already in use
2021-08-05 03:01:32.123  INFO 17936 --- [main] j.LocalContainerEntityManagerFactoryBean : Closing JPA EntityManagerFactory for persistence unit 'default'
2021-08-05 03:01:32.123  INFO 17936 --- [main] .SchemaDropperImpl$DelayedDropActionImpl : HHH000477: Starting delayed evictData of schema as part of SessionFactory shut-down'
2021-08-05 03:01:32.127  INFO 17936 --- [main] com.zaxxer.hikari.HikariDataSource       : HikariPool-1 - Shutdown initiated...
2021-08-05 03:01:32.130  INFO 17936 --- [main] com.zaxxer.hikari.HikariDataSource       : HikariPool-1 - Shutdown completed.
2021-08-05 03:01:32.132  INFO 17936 --- [main] o.apache.catalina.core.StandardService   : Stopping service [Tomcat]
2021-08-05 03:01:32.141  INFO 17936 --- [main] ConditionEvaluationReportLoggingListener : 

Error starting ApplicationContext. To display the conditions report re-run your application with 'debug' enabled.
2021-08-05 03:01:32.151 ERROR 17936 --- [main] o.s.b.d.LoggingFailureAnalysisReporter   : 

***************************
APPLICATION FAILED TO START
***************************

Description:

Web server failed to start. Port 8080 was already in use.

Action:

Identify and stop the process that's listening on port 8080 or configure this application to listen on another port.

2021-08-05 03:01:37.001  INFO 7092 --- [http-nio-8080-exec-1] o.a.c.c.C.[Tomcat].[localhost].[/]       : Initializing Spring DispatcherServlet 'dispatcherServlet'
2021-08-05 03:01:37.001  INFO 7092 --- [http-nio-8080-exec-1] o.s.web.servlet.DispatcherServlet        : Initializing Servlet 'dispatcherServlet'
2021-08-05 03:01:37.002  INFO 7092 --- [http-nio-8080-exec-1] o.s.web.servlet.DispatcherServlet        : Completed initialization in 1 ms
2021-08-05 03:01:37.029  INFO 7092 --- [http-nio-8080-exec-1] com.bootjpa.controller.UserController    : Deleting user from the Table user...
2021-08-05 03:01:37.073 ERROR 7092 --- [http-nio-8080-exec-1] com.bootjpa.controller.UserController    : Error occurred :  org.springframework.dao.EmptyResultDataAccessException: No class com.bootjpa.model.User entity with id 10 exists!
2021-08-05 03:01:47.504  INFO 7092 --- [RMI TCP Connection(2)-127.0.0.1] inMXBeanRegistrar$SpringApplicationAdmin : Application shutdown requested.
2021-08-05 03:01:47.532  INFO 7092 --- [RMI TCP Connection(2)-127.0.0.1] j.LocalContainerEntityManagerFactoryBean : Closing JPA EntityManagerFactory for persistence unit 'default'
2021-08-05 03:01:47.532  INFO 7092 --- [RMI TCP Connection(2)-127.0.0.1] .SchemaDropperImpl$DelayedDropActionImpl : HHH000477: Starting delayed evictData of schema as part of SessionFactory shut-down'
2021-08-05 03:01:47.537  INFO 7092 --- [RMI TCP Connection(2)-127.0.0.1] com.zaxxer.hikari.HikariDataSource       : HikariPool-1 - Shutdown initiated...
2021-08-05 03:01:47.539  INFO 7092 --- [RMI TCP Connection(2)-127.0.0.1] com.zaxxer.hikari.HikariDataSource       : HikariPool-1 - Shutdown completed.
